<?xml version="1.0" encoding="UTF-8"?>
<!-- Generated by org.testng.reporters.JUnitReportReporter -->
<testsuite skipped="0" hostname="Ceroshs-MBP-2" name="ResponseDataParsing.JSONPath.JSONPath" tests="1" failures="0" timestamp="2021-06-06T11:28:04 AEST" time="3.329" errors="0">
  <testcase name="filterBasedOnTheContentType" time="3.329" classname="ResponseDataParsing.JSONPath.JSONPath"/>
  <system-out/>
</testsuite> <!-- ResponseDataParsing.JSONPath.JSONPath -->
