<?xml version="1.0" encoding="UTF-8"?>
<!-- Generated by org.testng.reporters.JUnitReportReporter -->
<testsuite skipped="0" hostname="Ceroshs-MBP-2" name="JsonPathExpressions.IdentifyingJsonPathExpressions" tests="1" failures="0" timestamp="2021-06-02T06:04:18 AEST" time="0.982" errors="0">
  <testcase name="displayJsonNodeValue_usingSimpleJsonPath" time="0.982" classname="JsonPathExpressions.IdentifyingJsonPathExpressions"/>
  <system-out/>
</testsuite> <!-- JsonPathExpressions.IdentifyingJsonPathExpressions -->
