<?xml version="1.0" encoding="UTF-8"?>
<!-- Generated by org.testng.reporters.JUnitReportReporter -->
<testsuite skipped="0" hostname="Ceroshs-MacBook-Pro-2.local" name="Specifications.RequestAndResponseSpecification" tests="1" failures="0" timestamp="2021-06-01T20:52:35 AEST" time="2.345" errors="0">
  <testcase name="requestUpdatingTheBooking_usingRequestAndResponsetSpecifications" time="2.345" classname="Specifications.RequestAndResponseSpecification"/>
  <system-out/>
</testsuite> <!-- Specifications.RequestAndResponseSpecification -->
