<?xml version="1.0" encoding="UTF-8"?>
<!-- Generated by org.testng.reporters.JUnitReportReporter -->
<testsuite skipped="0" hostname="Ceroshs-MBP-2" name="API_POST_REQUEST.POJOUsingArray" tests="1" failures="0" timestamp="2021-05-26T05:44:13 AEST" time="2.010" errors="0">
  <testcase name="ComplexPOJOUsingArray" time="2.010" classname="API_POST_REQUEST.POJOUsingArray"/>
  <system-out/>
</testsuite> <!-- API_POST_REQUEST.POJOUsingArray -->
