<?xml version="1.0" encoding="UTF-8"?>
<!-- Generated by org.testng.reporters.JUnitReportReporter -->
<testsuite skipped="0" hostname="Ceroshs-MBP-2" name="ResponseExtractions.ExtractResponseBodyAsString" tests="1" failures="0" timestamp="2021-05-31T22:01:52 AEST" time="3.177" errors="0">
  <testcase name="requestBookingCreation_extractFirstNameAsStringFromResponse" time="3.177" classname="ResponseExtractions.ExtractResponseBodyAsString"/>
  <system-out/>
</testsuite> <!-- ResponseExtractions.ExtractResponseBodyAsString -->
