<?xml version="1.0" encoding="UTF-8"?>
<!-- Generated by org.testng.reporters.JUnitReportReporter -->
<testsuite skipped="0" hostname="Ceroshs-MBP-2" name="ResponseDataParsing.Org.JSON.OrgJSON" tests="1" failures="0" timestamp="2021-05-27T15:03:08 AEST" time="2.803" errors="0">
  <testcase name="filterUsingOrgJSONInLoop" time="2.803" classname="ResponseDataParsing.Org.JSON.OrgJSON"/>
  <system-out/>
</testsuite> <!-- ResponseDataParsing.Org.JSON.OrgJSON -->
