<?xml version="1.0" encoding="UTF-8"?>
<!-- Generated by org.testng.reporters.JUnitReportReporter -->
<testsuite skipped="0" hostname="Ceroshs-MBP-2" name="mocking.in.restassured.APIJsonResponse" tests="1" failures="0" timestamp="2021-06-06T06:51:05 AEST" time="3.358" errors="0">
  <testcase name="mockAPI_jsonResponse_usingDesigner_Mocky_io" time="3.358" classname="mocking.in.restassured.APIJsonResponse"/>
  <system-out/>
</testsuite> <!-- mocking.in.restassured.APIJsonResponse -->
