<?xml version="1.0" encoding="UTF-8"?>
<!-- Generated by org.testng.reporters.JUnitReportReporter -->
<testsuite skipped="0" hostname="Ceroshs-MBP-2" name="API_POST_REQUEST.PostRequest" tests="1" failures="0" timestamp="2021-05-25T06:05:53 AEST" time="3.102" errors="0">
  <testcase name="secondSimpleJSONUsingPojo" time="3.102" classname="API_POST_REQUEST.PostRequest"/>
  <system-out/>
</testsuite> <!-- API_POST_REQUEST.PostRequest -->
