<?xml version="1.0" encoding="UTF-8"?>
<!-- Generated by org.testng.reporters.JUnitReportReporter -->
<testsuite skipped="0" hostname="Ceroshs-MacBook-Pro-2.local" name="Specifications.ResponseSpecifications" tests="2" failures="0" timestamp="2021-06-01T20:38:10 AEST" time="4.220" errors="0">
  <testcase name="requestUpdatingTheBooking_usingResponsetSpecifications" time="1.351" classname="Specifications.ResponseSpecifications"/>
  <system-out/>
  <testcase name="requestPatchingTheBooking_usingResponseSpecifications" time="2.869" classname="Specifications.ResponseSpecifications"/>
  <system-out/>
</testsuite> <!-- Specifications.ResponseSpecifications -->
