<?xml version="1.0" encoding="UTF-8"?>
<!-- Generated by org.testng.reporters.JUnitReportReporter -->
<testsuite skipped="0" hostname="Ceroshs-MBP-2" name="assertion.jsonpath.restassured.TypesOfAssertions" tests="1" failures="0" timestamp="2021-06-05T07:13:46 AEST" time="3.570" errors="0">
  <testcase name="inlineAssertion_forArrayValues" time="3.570" classname="assertion.jsonpath.restassured.TypesOfAssertions"/>
  <system-out/>
</testsuite> <!-- assertion.jsonpath.restassured.TypesOfAssertions -->
