<?xml version="1.0" encoding="UTF-8"?>
<!-- Generated by org.testng.reporters.JUnitReportReporter -->
<testsuite skipped="0" hostname="Ceroshs-MBP-2" name="Specifications.RequestSpecifications" tests="2" failures="0" timestamp="2021-05-31T23:03:23 AEST" time="3.741" errors="0">
  <testcase name="requestUpdatingTheBooking_usingRequestSpecifications" time="1.382" classname="Specifications.RequestSpecifications"/>
  <system-out/>
  <testcase name="requestPatchingTheBooking_usingRequestSpecifications" time="2.359" classname="Specifications.RequestSpecifications"/>
  <system-out/>
</testsuite> <!-- Specifications.RequestSpecifications -->
