<?xml version="1.0" encoding="UTF-8"?>
<!-- Generated by org.testng.reporters.JUnitReportReporter -->
<testsuite skipped="0" hostname="Ceroshs-MBP-2" name="WithoutChaining.GetRequestWithoutChaining" tests="1" failures="0" timestamp="2021-05-31T05:46:13 AEST" time="3.396" errors="0">
  <testcase name="builtRequest_HitGetRequestAndGetResponse_ValidateResponse" time="3.396" classname="WithoutChaining.GetRequestWithoutChaining"/>
  <system-out/>
</testsuite> <!-- WithoutChaining.GetRequestWithoutChaining -->
