<?xml version="1.0" encoding="UTF-8"?>
<!-- Generated by org.testng.reporters.JUnitReportReporter -->
<testsuite skipped="0" hostname="Ceroshs-MBP-2" name="JsonPathExpressions.JsonUsingGSon" tests="1" failures="0" timestamp="2021-06-03T23:01:12 AEST" time="1.636" errors="0">
  <testcase name="access_detailsOfEmployeesFromCaliforniaOrUnitedStates_FromJsonFile" time="1.636" classname="JsonPathExpressions.JsonUsingGSon"/>
  <system-out/>
</testsuite> <!-- JsonPathExpressions.JsonUsingGSon -->
