<?xml version="1.0" encoding="UTF-8"?>
<!-- Generated by org.testng.reporters.JUnitReportReporter -->
<testsuite skipped="0" hostname="Ceroshs-MBP-2" name="BodyDataCreatingExistingJSON.JSONWithRunTimeVariables.TestUsingJSONRunTimeVariables" tests="1" failures="0" timestamp="2021-05-26T22:27:10 AEST" time="22.668" errors="0">
  <testcase name="CreateBodyUsingJSONWithVariables" time="22.668" classname="BodyDataCreatingExistingJSON.JSONWithRunTimeVariables.TestUsingJSONRunTimeVariables"/>
  <system-out/>
</testsuite> <!-- BodyDataCreatingExistingJSON.JSONWithRunTimeVariables.TestUsingJSONRunTimeVariables -->
