<?xml version="1.0" encoding="UTF-8"?>
<!-- Generated by org.testng.reporters.JUnitReportReporter -->
<testsuite skipped="0" hostname="Ceroshs-MBP-2" name="BodyDataCreatingExistingJSON.TestClass" tests="1" failures="0" timestamp="2021-05-26T21:22:08 AEST" time="1.351" errors="0">
  <testcase name="CreateBodyUsingJSON" time="1.351" classname="BodyDataCreatingExistingJSON.TestClass"/>
  <system-out/>
</testsuite> <!-- BodyDataCreatingExistingJSON.TestClass -->
