<?xml version="1.0" encoding="UTF-8"?>
<!-- Generated by org.testng.reporters.JUnitReportReporter -->
<testsuite skipped="0" hostname="Ceroshs-MacBook-Pro-2.local" name="ResponseTimeAssertions.ValidateResponseTime" tests="1" failures="0" timestamp="2021-06-01T21:23:33 AEST" time="2.259" errors="0">
  <testcase name="requestCreateTheBooking_extractTheResponseTime_validateTheRange" time="2.259" classname="ResponseTimeAssertions.ValidateResponseTime"/>
  <system-out/>
</testsuite> <!-- ResponseTimeAssertions.ValidateResponseTime -->
