<?xml version="1.0" encoding="UTF-8"?>
<!-- Generated by org.testng.reporters.JUnitReportReporter -->
<testsuite skipped="0" hostname="Ceroshs-MBP-2" name="FirstJava" tests="1" failures="0" timestamp="2021-05-24T22:41:22 AEST" time="2.530" errors="0">
  <testcase name="getBDDStyle" time="2.530" classname="FirstJava"/>
  <system-out/>
</testsuite> <!-- FirstJava -->
