<?xml version="1.0" encoding="UTF-8"?>
<!-- Generated by org.testng.reporters.JUnitReportReporter -->
<testsuite skipped="0" hostname="Ceroshs-MBP-2" name="BodyDataCreatingExistingJSON.JSONWithVariables.TestUsingJSONVariables" tests="1" failures="0" timestamp="2021-05-26T22:11:04 AEST" time="1.360" errors="0">
  <testcase name="CreateBodyUsingJSONWithVariables" time="1.360" classname="BodyDataCreatingExistingJSON.JSONWithVariables.TestUsingJSONVariables"/>
  <system-out/>
</testsuite> <!-- BodyDataCreatingExistingJSON.JSONWithVariables.TestUsingJSONVariables -->
