<?xml version="1.0" encoding="UTF-8"?>
<!-- Generated by org.testng.reporters.JUnitReportReporter -->
<testsuite skipped="0" hostname="Ceroshs-MBP-2" name="WithoutChaining.PostRequestWithoutChaining" tests="1" failures="0" timestamp="2021-05-30T21:19:28 AEST" time="2.835" errors="0">
  <testcase name="builtRequest_HitRequestAndGetResponse_ValidateResponse" time="2.835" classname="WithoutChaining.PostRequestWithoutChaining"/>
  <system-out/>
</testsuite> <!-- WithoutChaining.PostRequestWithoutChaining -->
