<?xml version="1.0" encoding="UTF-8"?>
<!-- Generated by org.testng.reporters.JUnitReportReporter -->
<testsuite skipped="0" hostname="Ceroshs-MacBook-Pro-2.local" name="API_POST_REQUEST.ComplexJSONUsingPOJO" tests="1" failures="0" timestamp="2021-05-25T23:14:36 AEST" time="2.239" errors="0">
  <testcase name="PostRqstComplexPOJO" time="2.239" classname="API_POST_REQUEST.ComplexJSONUsingPOJO"/>
  <system-out/>
</testsuite> <!-- API_POST_REQUEST.ComplexJSONUsingPOJO -->
