<?xml version="1.0" encoding="UTF-8"?>
<!-- Generated by org.testng.reporters.JUnitReportReporter -->
<testsuite skipped="0" hostname="Ceroshs-MBP-2" name="json.schema.validation.ValidateJsonAgainstSchema" tests="1" failures="0" timestamp="2021-06-05T10:38:50 AEST" time="0.628" errors="0">
  <testcase name="validate_jsonAgainst_jsonSchema" time="0.628" classname="json.schema.validation.ValidateJsonAgainstSchema"/>
  <system-out/>
</testsuite> <!-- json.schema.validation.ValidateJsonAgainstSchema -->
